<?xml version="1.0" encoding="UTF-8"?>
<!-- Generated by org.testng.reporters.JUnitReportReporter -->
<testsuite skipped="0" hostname="ASHISH" name="july20.Addition" tests="8" failures="0" timestamp="18 Aug 2020 05:36:08 GMT" time="0.010" errors="0">
  <testcase name="loginTest" time="0.001" classname="july20.Addition"/>
  <testcase name="loginTest" time="0.001" classname="july20.Addition"/>
  <testcase name="loginTest" time="0.001" classname="july20.Addition"/>
  <testcase name="loginTest" time="0.001" classname="july20.Addition"/>
  <testcase name="loginTest" time="0.001" classname="july20.Addition"/>
  <testcase name="loginTest" time="0.002" classname="july20.Addition"/>
  <testcase name="loginTest" time="0.003" classname="july20.Addition"/>
  <testcase name="loginTest" time="0.000" classname="july20.Addition"/>
</testsuite> <!-- july20.Addition -->
