<?xml version="1.0" encoding="UTF-8"?>
<!-- Generated by org.testng.reporters.JUnitReportReporter -->
<testsuite skipped="0" hostname="ASHISH" name="july20.Addition" tests="8" failures="0" timestamp="22 Jul 2020 04:11:58 GMT" time="0.030" errors="0">
  <testcase name="loginTest" time="0.002" classname="july20.Addition"/>
  <testcase name="loginTest" time="0.011" classname="july20.Addition"/>
  <testcase name="loginTest" time="0.002" classname="july20.Addition"/>
  <testcase name="loginTest" time="0.002" classname="july20.Addition"/>
  <testcase name="loginTest" time="0.002" classname="july20.Addition"/>
  <testcase name="loginTest" time="0.007" classname="july20.Addition"/>
  <testcase name="loginTest" time="0.002" classname="july20.Addition"/>
  <testcase name="loginTest" time="0.002" classname="july20.Addition"/>
</testsuite> <!-- july20.Addition -->
