<?xml version="1.0" encoding="UTF-8"?>
<!-- Generated by org.testng.reporters.JUnitReportReporter -->
<testsuite skipped="0" hostname="ASHISH" name="july20.TableSearch" tests="22" failures="0" timestamp="29 Jul 2020 07:42:43 GMT" time="0.105" errors="0">
  <testcase name="loginTest" time="0.006" classname="july20.TableSearch"/>
  <testcase name="loginTest" time="0.004" classname="july20.TableSearch"/>
  <testcase name="loginTest" time="0.003" classname="july20.TableSearch"/>
  <testcase name="loginTest" time="0.002" classname="july20.TableSearch"/>
  <testcase name="loginTest" time="0.001" classname="july20.TableSearch"/>
  <testcase name="loginTest" time="0.007" classname="july20.TableSearch"/>
  <testcase name="loginTest" time="0.004" classname="july20.TableSearch"/>
  <testcase name="loginTest" time="0.002" classname="july20.TableSearch"/>
  <testcase name="loginTest" time="0.008" classname="july20.TableSearch"/>
  <testcase name="loginTest" time="0.008" classname="july20.TableSearch"/>
  <testcase name="loginTest" time="0.003" classname="july20.TableSearch"/>
  <testcase name="loginTest" time="0.005" classname="july20.TableSearch"/>
  <testcase name="loginTest" time="0.006" classname="july20.TableSearch"/>
  <testcase name="loginTest" time="0.002" classname="july20.TableSearch"/>
  <testcase name="loginTest" time="0.009" classname="july20.TableSearch"/>
  <testcase name="loginTest" time="0.002" classname="july20.TableSearch"/>
  <testcase name="loginTest" time="0.002" classname="july20.TableSearch"/>
  <testcase name="loginTest" time="0.003" classname="july20.TableSearch"/>
  <testcase name="loginTest" time="0.012" classname="july20.TableSearch"/>
  <testcase name="loginTest" time="0.006" classname="july20.TableSearch"/>
  <testcase name="loginTest" time="0.005" classname="july20.TableSearch"/>
  <testcase name="loginTest" time="0.005" classname="july20.TableSearch"/>
</testsuite> <!-- july20.TableSearch -->
