<?xml version="1.0" encoding="UTF-8"?>
<!-- Generated by org.testng.reporters.JUnitReportReporter -->
<testsuite skipped="0" hostname="ASHISH" name="Aug27.PrintAllLinks" tests="1" failures="0" timestamp="27 Aug 2020 07:22:33 GMT" time="16.802" errors="0">
  <testcase name="allLinksPrinting" time="16.802" classname="Aug27.PrintAllLinks"/>
</testsuite> <!-- Aug27.PrintAllLinks -->
