<?xml version="1.0" encoding="UTF-8"?>
<!-- Generated by org.testng.reporters.JUnitReportReporter -->
<testsuite skipped="0" hostname="ASHISH" name="requests.ownApi" tests="2" failures="0" timestamp="2020-08-06T12:51:55 IST" time="3.316" errors="0">
  <testcase name="test_get" time="0.136" classname="requests.ownApi"/>
  <system-out/>
  <testcase name="test_Patch" time="3.180" classname="requests.ownApi"/>
  <system-out/>
</testsuite> <!-- requests.ownApi -->
