<?xml version="1.0" encoding="UTF-8"?>
<!-- Generated by org.testng.reporters.JUnitReportReporter -->
<testsuite skipped="0" hostname="ASHISH" name="requests.Get_1" tests="2" failures="0" timestamp="2020-08-04T17:27:41 IST" time="4.512" errors="0">
  <testcase name="test_02" time="1.412" classname="requests.Get_1"/>
  <system-out/>
  <testcase name="test_01" time="3.100" classname="requests.Get_1"/>
  <system-out/>
</testsuite> <!-- requests.Get_1 -->
