<?xml version="1.0" encoding="UTF-8"?>
<!-- Generated by org.testng.reporters.JUnitReportReporter -->
<testsuite skipped="0" hostname="ASHISH" name="requests.Post_1" tests="1" failures="0" timestamp="2020-08-06T15:52:37 IST" time="6.212" errors="0">
  <testcase name="post_1" time="6.212" classname="requests.Post_1"/>
  <system-out/>
</testsuite> <!-- requests.Post_1 -->
